<?xml version='1.0' encoding='UTF-8'?>
<testsuite hostname="DESKTOP-Q43470J" name="br.unb.cic.flang.SubstitutionTest" tests="5" errors="0" failures="0" skipped="0" time="0.025" timestamp="2024-08-01T13:57:23">
          <properties>
      <property name="java.specification.version" value="22"/><property name="sun.cpu.isalist" value="amd64"/><property name="sun.jnu.encoding" value="Cp1252"/><property name="sun.arch.data.model" value="64"/><property name="java.vendor.url" value="https://java.oracle.com/"/><property name="sun.boot.library.path" value="C:\Program Files\Java\jdk-22\bin"/><property name="sun.java.command" value="xsbt.boot.Boot test"/><property name="jdk.debug" value="release"/><property name="java.specification.vendor" value="Oracle Corporation"/><property name="java.version.date" value="2024-07-16"/><property name="java.home" value="C:\Program Files\Java\jdk-22"/><property name="file.separator" value="\"/><property name="java.vm.compressedOopsMode" value="32-bit"/><property name="line.separator" value="
"/><property name="java.vm.specification.vendor" value="Oracle Corporation"/><property name="java.specification.name" value="Java Platform API Specification"/><property name="user.script" value=""/><property name="sun.management.compiler" value="HotSpot 64-Bit Tiered Compilers"/><property name="java.runtime.version" value="22.0.2+9-70"/><property name="user.name" value="marcu"/><property name="log4j.ignoreTCL" value="true"/><property name="file.encoding" value="UTF-8"/><property name="jnidispatch.path" value="C:\Users\marcu\AppData\Local\Temp\jna-103666256\jna17272668497211209483.dll"/><property name="jna.loaded" value="true"/><property name="java.io.tmpdir" value="C:\Users\marcu\AppData\Local\Temp\"/><property name="java.version" value="22.0.2"/><property name="java.vm.specification.name" value="Java Virtual Machine Specification"/><property name="sun.os.patch.level" value=""/><property name="native.encoding" value="Cp1252"/><property name="java.library.path" value="C:\Program Files\Java\jdk-22\bin;C:\Windows\Sun\Java\bin;C:\Windows\system32;C:\Windows;C:\Program Files\Common Files\Oracle\Java\javapath;C:\Program Files\NVIDIA GPU Computing Toolkit\CUDA\v12.1\bin;C:\Program Files\NVIDIA GPU Computing Toolkit\CUDA\v12.1\libnvvp;;C:\Program Files\Eclipse Adoptium\jdk-21.0.3.9-hotspot\bin;C:\Program Files (x86)\Common Files\Oracle\Java\javapath;C:\Program Files (x86)\NVIDIA Corporation\PhysX\Common;C:\Windows\system32;C:\Windows;C:\Windows\System32\Wbem;C:\Windows\System32\WindowsPowerShell\v1.0\;C:\Windows\System32\OpenSSH\;C:\Program Files\Microsoft SQL Server\Client SDK\ODBC\170\Tools\Binn\;C:\Program Files (x86)\Microsoft SQL Server\150\Tools\Binn\;C:\Program Files\Microsoft SQL Server\150\Tools\Binn\;C:\Program Files\Microsoft SQL Server\150\DTS\Binn\;C:\Program Files (x86)\Windows Kits\8.1\Windows Performance Toolkit\;C:\Program Files\Git\cmd;C:\Program Files (x86)\sbt\bin;C:\Program Files (x86)\scala\bin;C:\Program Files\NVIDIA Corporation\Nsight Compute 2023.1.0\;C:\Program Files\PuTTY\;C:\Users\marcu\AppData\Local\Microsoft\WindowsApps;C:\Users\marcu\AppData\Local\Programs\Microsoft VS Code\bin;C:\Program Files\Python312;C:\Program Files\Python312\Scripts;C:\Program Files\Python312\Lib\importlib;'C:\Users\marcu\AppData\Roaming\Python\Python312\Scripts';C:\intelFPGA\18.1\modelsim_ase\win32aloem;C:\Users\marcu\AppData\Roaming\Python\Python312\Scripts;C:\Users\marcu\AppData\Local\GitHubDesktop\bin;."/><property name="stderr.encoding" value="cp850"/><property name="java.vendor" value="Oracle Corporation"/><property name="scala.ext.dirs" value="C:\Users\marcu\.sbt\1.0\java9-rt-ext-oracle_corporation_22_0_2"/><property name="sun.io.unicode.encoding" value="UnicodeLittle"/><property name="java.class.path" value="C:\Program Files (x86)\sbt\\bin\sbt-launch.jar"/><property name="java.vm.vendor" value="Oracle Corporation"/><property name="user.variant" value=""/><property name="jline.shutdownhook" value="false"/><property name="user.timezone" value="America/Sao_Paulo"/><property name="java.vm.specification.version" value="22"/><property name="os.name" value="Windows 10"/><property name="sun.java.launcher" value="SUN_STANDARD"/><property name="user.country" value="BR"/><property name="sun.cpu.endian" value="little"/><property name="user.home" value="C:\Users\marcu"/><property name="user.language" value="pt"/><property name="sbt.ipcsocket.tmpdir" value="C:\Users\marcu\AppData\Local\Temp\.sbt13f6e233\ipcsocket"/><property name="swoval.tmpdir" value="C:\Users\marcu\AppData\Local\Temp\.sbt13f6e233\swoval"/><property name="jline.esc.timeout" value="0"/><property name="stdout.encoding" value="cp850"/><property name="path.separator" value=";"/><property name="os.version" value="10.0"/><property name="jna.nosys" value="true"/><property name="java.runtime.name" value="Java(TM) SE Runtime Environment"/><property name="java.vm.name" value="Java HotSpot(TM) 64-Bit Server VM"/><property name="java.vendor.url.bug" value="https://bugreport.java.com/bugreport/"/><property name="user.dir" value="C:\Users\marcu\Desktop\Emanuel\UnB\Materias\2024.1\TP2\FLanguageG03"/><property name="os.arch" value="amd64"/><property name="java.vm.info" value="mixed mode, sharing"/><property name="java.vm.version" value="22.0.2+9-70"/><property name="java.class.version" value="66.0"/>
    </properties>
          <testcase classname="br.unb.cic.flang.SubstitutionTest" name="substitute x by CInt(5) in CInt(10) should return the int constant 10." time="0.025">
                      
                    </testcase><testcase classname="br.unb.cic.flang.SubstitutionTest" name="substitute x by CInt(5) in Id('x') should return the int constant 5." time="0.0">
                      
                    </testcase><testcase classname="br.unb.cic.flang.SubstitutionTest" name="substitute x by CInt(5) in Id('y') should return Id('y')." time="0.0">
                      
                    </testcase><testcase classname="br.unb.cic.flang.SubstitutionTest" name="substitute x by CInt(5) in Add(CInt(10), Id('x')) should return Add(CInt(10), CInt(5))" time="0.0">
                      
                    </testcase><testcase classname="br.unb.cic.flang.SubstitutionTest" name="substitute x by CInt(5) in Add(CInt(10), Add(Id('x'), Id('x'))) should return Add(CInt(10), Add(CInt(5), CInt(5)))" time="0.0">
                      
                    </testcase>
          <system-out><![CDATA[]]></system-out>
          <system-err><![CDATA[]]></system-err>
        </testsuite>