<?xml version='1.0' encoding='UTF-8'?>
<testsuite hostname="LuanarPc" name="br.unb.cic.flang.InterpreterTest" tests="9" errors="0" failures="0" skipped="0" time="0.262" timestamp="2024-08-02T12:33:06">
          <properties>
      <property name="awt.toolkit" value="sun.awt.windows.WToolkit"/><property name="java.specification.version" value="11"/><property name="sun.cpu.isalist" value="amd64"/><property name="sun.jnu.encoding" value="Cp1252"/><property name="sun.arch.data.model" value="64"/><property name="java.vendor.url" value="https://adoptium.net/"/><property name="sun.boot.library.path" value="C:\Users\jklui\AppData\Local\Coursier\cache\arc\https\github.com\adoptium\temurin11-binaries\releases\download\jdk-11.0.23%252B9\OpenJDK11U-jdk_x64_windows_hotspot_11.0.23_9.zip\jdk-11.0.23+9\bin"/><property name="sun.java.command" value="xsbt.boot.Boot"/><property name="jdk.debug" value="release"/><property name="sun.stderr.encoding" value="cp850"/><property name="java.specification.vendor" value="Oracle Corporation"/><property name="java.version.date" value="2024-04-16"/><property name="java.home" value="C:\Users\jklui\AppData\Local\Coursier\cache\arc\https\github.com\adoptium\temurin11-binaries\releases\download\jdk-11.0.23%252B9\OpenJDK11U-jdk_x64_windows_hotspot_11.0.23_9.zip\jdk-11.0.23+9"/><property name="file.separator" value="\"/><property name="java.vm.compressedOopsMode" value="32-bit"/><property name="line.separator" value="
"/><property name="sun.stdout.encoding" value="cp850"/><property name="java.specification.name" value="Java Platform API Specification"/><property name="java.vm.specification.vendor" value="Oracle Corporation"/><property name="user.script" value=""/><property name="sun.management.compiler" value="HotSpot 64-Bit Tiered Compilers"/><property name="java.runtime.version" value="11.0.23+9"/><property name="user.name" value="jklui"/><property name="log4j.ignoreTCL" value="true"/><property name="file.encoding" value="UTF-8"/><property name="jnidispatch.path" value="C:\Users\jklui\AppData\Local\Temp\jna-101188383\jna18386468151621878395.dll"/><property name="java.vendor.version" value="Temurin-11.0.23+9"/><property name="jna.loaded" value="true"/><property name="java.io.tmpdir" value="C:\Users\jklui\AppData\Local\Temp\"/><property name="java.version" value="11.0.23"/><property name="java.vm.specification.name" value="Java Virtual Machine Specification"/><property name="java.awt.printerjob" value="sun.awt.windows.WPrinterJob"/><property name="sun.os.patch.level" value=""/><property name="java.library.path" value="C:\Users\jklui\AppData\Local\Coursier\cache\arc\https\github.com\adoptium\temurin11-binaries\releases\download\jdk-11.0.23%252B9\OpenJDK11U-jdk_x64_windows_hotspot_11.0.23_9.zip\jdk-11.0.23+9\bin;C:\WINDOWS\Sun\Java\bin;C:\WINDOWS\system32;C:\WINDOWS;C:\Users\jklui\AppData\Local\Coursier\cache\arc\https\github.com\adoptium\temurin11-binaries\releases\download\jdk-11.0.23%252B9\OpenJDK11U-jdk_x64_windows_hotspot_11.0.23_9.zip\jdk-11.0.23+9\bin;C:\Program Files (x86)\Microsoft\Edge\Application;C:\Windows\system32;C:\Windows;C:\Windows\System32\Wbem;C:\Windows\System32\WindowsPowerShell\v1.0\;C:\Windows\System32\OpenSSH\;C:\Program Files (x86)\NVIDIA Corporation\PhysX\Common;C:\Program Files\NVIDIA Corporation\NVIDIA NvDLISR;C:\WINDOWS\system32;C:\WINDOWS;C:\WINDOWS\System32\Wbem;C:\WINDOWS\System32\WindowsPowerShell\v1.0\;C:\WINDOWS\System32\OpenSSH\;C:\Program Files\dotnet\;C:\Users\jklui\AppData\Local\Programs\Python\Launcher\;C:\Users\jklui\AppData\Local\Microsoft\WindowsApps;C:\Users\jklui\AppData\Local\Programs\Microsoft VS Code\bin;C:\Users\jklui\AppData\Local\Coursier\data\bin;C:\Users\jklui\AppData\Local\Coursier\cache\arc\https\github.com\adoptium\temurin11-binaries\releases\download\jdk-11.0.23%252B9\OpenJDK11U-jdk_x64_windows_hotspot_11.0.23_9.zip\jdk-11.0.23+9\bin;C:\ghcup\bin;."/><property name="java.vendor" value="Eclipse Adoptium"/><property name="java.specification.maintenance.version" value="2"/><property name="scala.ext.dirs" value="C:\Users\jklui\.sbt\1.0\java9-rt-ext-eclipse_adoptium_11_0_23"/><property name="sun.io.unicode.encoding" value="UnicodeLittle"/><property name="sun.desktop" value="windows"/><property name="java.class.path" value="C:\Users\jklui\AppData\Local\Coursier\cache\arc\https\github.com\sbt\sbt\releases\download\v1.10.1\sbt-1.10.1.zip\sbt\bin\sbt-launch.jar"/><property name="java.vm.vendor" value="Eclipse Adoptium"/><property name="user.variant" value=""/><property name="jline.shutdownhook" value="false"/><property name="user.timezone" value="America/Sao_Paulo"/><property name="os.name" value="Windows 11"/><property name="java.vm.specification.version" value="11"/><property name="sun.java.launcher" value="SUN_STANDARD"/><property name="user.country" value="BR"/><property name="sun.cpu.endian" value="little"/><property name="user.home" value="C:\Users\jklui"/><property name="user.language" value="pt"/><property name="sbt.ipcsocket.tmpdir" value="C:\Users\jklui\AppData\Local\Temp\.sbt599bfbf4\ipcsocket"/><property name="swoval.tmpdir" value="C:\Users\jklui\AppData\Local\Temp\.sbt599bfbf4\swoval"/><property name="java.awt.graphicsenv" value="sun.awt.Win32GraphicsEnvironment"/><property name="jline.esc.timeout" value="0"/><property name="path.separator" value=";"/><property name="os.version" value="10.0"/><property name="jna.nosys" value="true"/><property name="java.runtime.name" value="OpenJDK Runtime Environment"/><property name="java.vm.name" value="OpenJDK 64-Bit Server VM"/><property name="java.vendor.url.bug" value="https://github.com/adoptium/adoptium-support/issues"/><property name="user.dir" value="C:\Users\jklui\OneDrive\Documentos\GitHub\FLanguageG03"/><property name="os.arch" value="amd64"/><property name="java.vm.info" value="mixed mode"/><property name="java.vm.version" value="11.0.23+9"/><property name="java.class.version" value="55.0"/>
    </properties>
          <testcase classname="br.unb.cic.flang.InterpreterTest" name="eval CInt(5) should return an integer value 5." time="0.069">
                      
                    </testcase><testcase classname="br.unb.cic.flang.InterpreterTest" name="eval Add(CInt(5), CInt(10)) should return an integer value 15." time="0.177">
                      
                    </testcase><testcase classname="br.unb.cic.flang.InterpreterTest" name="eval Add(CInt(5), Add(CInt(5), CInt(10))) should return an integer value 20." time="0.003">
                      
                    </testcase><testcase classname="br.unb.cic.flang.InterpreterTest" name="eval Mul(CInt(5), CInt(10)) should return an integer value 50" time="0.003">
                      
                    </testcase><testcase classname="br.unb.cic.flang.InterpreterTest" name="eval FApp(inc, CInt(99)) should return an integer value 100" time="0.003">
                      
                    </testcase><testcase classname="br.unb.cic.flang.InterpreterTest" name="eval FApp(foo, CInt(10)) should raise an error." time="0.003">
                      
                    </testcase><testcase classname="br.unb.cic.flang.InterpreterTest" name="eval Add(CInt(5), FApp(bug, CInt(10))) should raise an error." time="0.002">
                      
                    </testcase><testcase classname="br.unb.cic.flang.InterpreterTest" name="eval IfThenElse(CBool(true), CInt(10), CInt(20)) should return 10" time="0.001">
                      
                    </testcase><testcase classname="br.unb.cic.flang.InterpreterTest" name="eval IfThenElse(CBool(false), CInt(10), CInt(20)) should return 20" time="0.001">
                      
                    </testcase>
          <system-out><![CDATA[]]></system-out>
          <system-err><![CDATA[]]></system-err>
        </testsuite>