<?xml version='1.0' encoding='UTF-8'?>
<testsuite hostname="hal9000" name="br.unb.cic.flang.InterpreterTest" tests="7" errors="0" failures="0" skipped="0" time="0.16" timestamp="2024-08-02T11:01:40">
          <properties>
      <property name="java.specification.version" value="21"/><property name="sun.jnu.encoding" value="UTF-8"/><property name="sun.arch.data.model" value="64"/><property name="java.vendor.url" value="https://www.microsoft.com"/><property name="sun.boot.library.path" value="/home/luricl/.sdkman/candidates/java/21.0.3-ms/lib"/><property name="sun.java.command" value="/home/luricl/.cache/sbt/boot/sbt-launch/1.10.0/sbt-launch-1.10.0.jar test"/><property name="jdk.debug" value="release"/><property name="java.specification.vendor" value="Oracle Corporation"/><property name="java.version.date" value="2024-04-16"/><property name="java.home" value="/home/luricl/.sdkman/candidates/java/21.0.3-ms"/><property name="file.separator" value="/"/><property name="java.vm.compressedOopsMode" value="32-bit"/><property name="line.separator" value="
"/><property name="java.vm.specification.vendor" value="Oracle Corporation"/><property name="java.specification.name" value="Java Platform API Specification"/><property name="sun.management.compiler" value="HotSpot 64-Bit Tiered Compilers"/><property name="java.runtime.version" value="21.0.3+9-LTS"/><property name="user.name" value="luricl"/><property name="log4j.ignoreTCL" value="true"/><property name="file.encoding" value="UTF-8"/><property name="jnidispatch.path" value="/home/luricl/.cache/JNA/temp/jna10131115148180528701.tmp"/><property name="java.vendor.version" value="Microsoft-9388422"/><property name="jna.loaded" value="true"/><property name="java.io.tmpdir" value="/tmp"/><property name="java.version" value="21.0.3"/><property name="java.vm.specification.name" value="Java Virtual Machine Specification"/><property name="native.encoding" value="UTF-8"/><property name="java.library.path" value="/usr/lib/x86_64-linux-gnu/gazebo-11/plugins:/opt/ros/humble/opt/rviz_ogre_vendor/lib:/opt/ros/humble/lib/x86_64-linux-gnu:/opt/ros/humble/lib:/usr/java/packages/lib:/usr/lib64:/lib64:/lib:/usr/lib"/><property name="stderr.encoding" value="UTF-8"/><property name="java.vendor" value="Microsoft"/><property name="scala.ext.dirs" value="/home/luricl/.sbt/1.0/java9-rt-ext-microsoft_21_0_3"/><property name="sun.io.unicode.encoding" value="UnicodeLittle"/><property name="java.class.path" value="/home/luricl/.cache/sbt/boot/sbt-launch/1.10.0/sbt-launch-1.10.0.jar"/><property name="java.vm.vendor" value="Microsoft"/><property name="jline.shutdownhook" value="false"/><property name="user.timezone" value="America/Sao_Paulo"/><property name="java.vm.specification.version" value="21"/><property name="os.name" value="Linux"/><property name="sun.java.launcher" value="SUN_STANDARD"/><property name="user.country" value="US"/><property name="sun.cpu.endian" value="little"/><property name="user.home" value="/home/luricl"/><property name="user.language" value="en"/><property name="sbt.script" value="/usr/bin/sbt"/><property name="sbt.ipcsocket.tmpdir" value="/run/user/1000/.sbta9dca3b7/ipcsocket"/><property name="swoval.tmpdir" value="/run/user/1000/.sbta9dca3b7/swoval"/><property name="jline.esc.timeout" value="0"/><property name="stdout.encoding" value="UTF-8"/><property name="path.separator" value=":"/><property name="os.version" value="6.8.0-76060800daily20240311-generic"/><property name="jna.nosys" value="true"/><property name="java.runtime.name" value="OpenJDK Runtime Environment"/><property name="java.vm.name" value="OpenJDK 64-Bit Server VM"/><property name="jna.platform.library.path" value="/usr/lib/x86_64-linux-gnu:/lib/x86_64-linux-gnu:/usr/lib64:/lib64:/usr/lib:/lib:/lib/i386-linux-gnu:/lib32:/usr/local/lib:/usr/lib/x86_64-linux-gnu/pipewire-0.3/jack:/usr/lib/x86_64-linux-gnu/libfakeroot"/><property name="java.vendor.url.bug" value="https://github.com/microsoft/openjdk/issues"/><property name="user.dir" value="/home/luricl/Documents/UnB/TP2/FLanguage"/><property name="os.arch" value="amd64"/><property name="java.vm.info" value="mixed mode, sharing"/><property name="java.vm.version" value="21.0.3+9-LTS"/><property name="java.class.version" value="65.0"/>
    </properties>
          <testcase classname="br.unb.cic.flang.InterpreterTest" name="eval Add(CInt(5), CInt(10)) should return an integer value 15." time="0.154">
                      
                    </testcase><testcase classname="br.unb.cic.flang.InterpreterTest" name="eval Add(CInt(5), Add(CInt(5), CInt(10))) should return an integer value 20." time="0.001">
                      
                    </testcase><testcase classname="br.unb.cic.flang.InterpreterTest" name="eval Mul(CInt(5), CInt(10)) should return an integer value 50" time="0.001">
                      
                    </testcase><testcase classname="br.unb.cic.flang.InterpreterTest" name="eval App(inc, 99) should return an integer value 100" time="0.002">
                      
                    </testcase><testcase classname="br.unb.cic.flang.InterpreterTest" name="eval App(foo, 10) should raise an error." time="0.001">
                      
                    </testcase><testcase classname="br.unb.cic.flang.InterpreterTest" name="eval Add(5, App(bug, 10)) should raise an error." time="0.0">
                      
                    </testcase><testcase classname="br.unb.cic.flang.InterpreterTest" name="eval CInt(5) should return an integer value 5." time="0.001">
                      
                    </testcase>
          <system-out><![CDATA[]]></system-out>
          <system-err><![CDATA[]]></system-err>
        </testsuite>